<?xml version="1.0" encoding="UTF-8"?>
<!-- Generated by org.testng.reporters.JUnitReportReporter -->
<testsuite hostname="DESKTOP-ME913AK" failures="0" tests="1" name="com.testcases.HandlingDropDown" time="124.325" errors="0" timestamp="2025-08-12T17:23:38 IST" skipped="0">
  <testcase classname="com.testcases.HandlingDropDown" name="verifyDropDown" time="124.325"/>
</testsuite> <!-- com.testcases.HandlingDropDown -->
